e:\c++\basicdatastructure\basicdatastructure\debug\vc142.pdb
e:\c++\basicdatastructure\basicdatastructure\debug\vc142.idb
e:\c++\basicdatastructure\basicdatastructure\debug\tree.obj
e:\c++\basicdatastructure\basicdatastructure\debug\test_list.obj
e:\c++\basicdatastructure\basicdatastructure\debug\test_hello.obj
e:\c++\basicdatastructure\basicdatastructure\debug\stack.obj
e:\c++\basicdatastructure\basicdatastructure\debug\queue.obj
e:\c++\basicdatastructure\basicdatastructure\debug\main.obj
e:\c++\basicdatastructure\basicdatastructure\debug\list.obj
e:\c++\basicdatastructure\basicdatastructure\debug\graph.obj
e:\c++\basicdatastructure\basicdatastructure\debug\test_stack.obj
e:\c++\basicdatastructure\debug\basicdatastructure.exe
e:\c++\basicdatastructure\debug\basicdatastructure.ilk
e:\c++\basicdatastructure\debug\basicdatastructure.pdb
e:\algorithm\basicdatastructure\basicdatastructure\debug\graph.obj
e:\algorithm\basicdatastructure\basicdatastructure\debug\list.obj
e:\algorithm\basicdatastructure\basicdatastructure\debug\main.obj
e:\algorithm\basicdatastructure\basicdatastructure\debug\queue.obj
e:\algorithm\basicdatastructure\basicdatastructure\debug\stack.obj
e:\algorithm\basicdatastructure\basicdatastructure\debug\test_hello.obj
e:\algorithm\basicdatastructure\basicdatastructure\debug\test_list.obj
e:\algorithm\basicdatastructure\basicdatastructure\debug\test_stack.obj
e:\algorithm\basicdatastructure\basicdatastructure\debug\tree.obj
e:\algorithm\basicdatastructure\basicdatastructure\debug\vc142.idb
e:\algorithm\basicdatastructure\basicdatastructure\debug\vc142.pdb
e:\algorithm\basicdatastructure\debug\basicdatastructure.pdb
e:\algorithm\basicdatastructure\debug\basicdatastructure.exe
e:\algorithm\basicdatastructure\debug\basicdatastructure.ilk
e:\algorithm\basicdatastructure\basicdatastructure\debug\basicdat.0b2c2cda.tlog\cl.command.1.tlog
e:\algorithm\basicdatastructure\basicdatastructure\debug\basicdat.0b2c2cda.tlog\cl.read.1.tlog
e:\algorithm\basicdatastructure\basicdatastructure\debug\basicdat.0b2c2cda.tlog\cl.write.1.tlog
e:\algorithm\basicdatastructure\basicdatastructure\debug\basicdat.0b2c2cda.tlog\link.command.1.tlog
e:\algorithm\basicdatastructure\basicdatastructure\debug\basicdat.0b2c2cda.tlog\link.read.1.tlog
e:\algorithm\basicdatastructure\basicdatastructure\debug\basicdat.0b2c2cda.tlog\link.write.1.tlog
